<?xml version="1.0" encoding="UTF-8"?>
<!-- Generated by org.testng.reporters.JUnitReportReporter -->
<testsuite hostname="LAPTOP-M6K6JG6B" failures="0" tests="1" name="createSimpleRestAssured.PostChangeRequest" time="7.335" errors="0" timestamp="2023-06-25T10:56:13 IST" skipped="0">
  <testcase classname="createSimpleRestAssured.PostChangeRequest" name="createAChangeRequest" time="7.335"/>
  <system-out/>
</testsuite> <!-- createSimpleRestAssured.PostChangeRequest -->
